app/build/intermediates/manifest_merge_blame_file/debug/manifest-merger-blame-debug-report.txt
1<?xml version="1.0" encoding="utf-8"?>
2<manifest xmlns:android="http://schemas.android.com/apk/res/android"
3    package="com.example.appfood"
4    android:versionCode="1"
5    android:versionName="1.0" >
6
7    <uses-sdk
8        android:minSdkVersion="22"
8-->src\main\AndroidManifest.xml
9        android:targetSdkVersion="31" />
9-->src\main\AndroidManifest.xml
10    <!--
11         The ACCESS_COARSE/FINE_LOCATION permissions are not required to use
12         Google Maps Android API v2, but you must specify either coarse or fine
13         location permissions for the "MyLocation" functionality.
14    -->
15    <uses-permission android:name="android.permission.INTERNET" />
15-->src\main\AndroidManifest.xml:10:5-67
15-->src\main\AndroidManifest.xml:10:22-64
16    <uses-permission android:name="android.permission.ACCESS_NETWORK_STATE" />
16-->src\main\AndroidManifest.xml:11:5-79
16-->src\main\AndroidManifest.xml:11:22-76
17    <uses-permission android:name="android.permission.SEND_SMS" />
17-->src\main\AndroidManifest.xml:12:5-66
17-->src\main\AndroidManifest.xml:12:22-64
18    <uses-permission android:name="android.permission.ACCESS_COARSE_LOCATION" />
18-->src\main\AndroidManifest.xml:13:5-80
18-->src\main\AndroidManifest.xml:13:22-78
19    <uses-permission android:name="android.permission.ACCESS_FINE_LOCATION" />
19-->src\main\AndroidManifest.xml:14:5-78
19-->src\main\AndroidManifest.xml:14:22-76
20    <uses-permission android:name="android.permission.CALL_PHONE" />
20-->[:Lib] AndroidManifest.xml:11:5-69
20-->[:Lib] AndroidManifest.xml:11:22-66
21    <uses-permission android:name="android.permission.ACCESS_WIFI_STATE" />
21-->[com.google.android.libraries.places:places:3.0.0] AndroidManifest.xml:11:5-76
21-->[com.google.android.libraries.places:places:3.0.0] AndroidManifest.xml:11:22-73
22
23    <uses-feature
23-->[com.google.android.gms:play-services-maps:18.0.0] AndroidManifest.xml:26:5-28:35
24        android:glEsVersion="0x00020000"
24-->[com.google.android.gms:play-services-maps:18.0.0] AndroidManifest.xml:27:9-41
25        android:required="true" />
25-->[com.google.android.gms:play-services-maps:18.0.0] AndroidManifest.xml:28:9-32
26
27    <queries>
27-->[com.google.android.gms:play-services-maps:18.0.0] AndroidManifest.xml:30:5-34:15
28
29        <!-- Needs to be explicitly declared on Android R+ -->
30        <package android:name="com.google.android.apps.maps" />
30-->[com.google.android.gms:play-services-maps:18.0.0] AndroidManifest.xml:33:9-64
30-->[com.google.android.gms:play-services-maps:18.0.0] AndroidManifest.xml:33:18-61
31    </queries>
32
33    <application
33-->src\main\AndroidManifest.xml:16:5-119:19
34        android:allowBackup="true"
34-->src\main\AndroidManifest.xml:17:9-35
35        android:appComponentFactory="androidx.core.app.CoreComponentFactory"
35-->[androidx.core:core:1.5.0] AndroidManifest.xml:24:18-86
36        android:debuggable="true"
37        android:icon="@mipmap/ic_launcher"
37-->src\main\AndroidManifest.xml:18:9-43
38        android:label="@string/app_name"
38-->src\main\AndroidManifest.xml:19:9-41
39        android:roundIcon="@mipmap/ic_launcher_round"
39-->src\main\AndroidManifest.xml:20:9-54
40        android:supportsRtl="true"
40-->src\main\AndroidManifest.xml:21:9-35
41        android:testOnly="true"
42        android:theme="@style/Theme.AppFood"
42-->src\main\AndroidManifest.xml:22:9-45
43        android:usesCleartextTraffic="true" >
43-->src\main\AndroidManifest.xml:23:9-44
44        <activity
44-->src\main\AndroidManifest.xml:24:9-31:20
45            android:name="com.example.appfood.activity.MapActivity"
45-->src\main\AndroidManifest.xml:25:13-49
46            android:exported="false"
46-->src\main\AndroidManifest.xml:26:13-37
47            android:screenOrientation="portrait" >
47-->src\main\AndroidManifest.xml:27:13-49
48            <meta-data
48-->src\main\AndroidManifest.xml:28:13-30:36
49                android:name="android.app.lib_name"
49-->src\main\AndroidManifest.xml:29:17-52
50                android:value="" />
50-->src\main\AndroidManifest.xml:30:17-33
51        </activity>
52        <!--
53             TODO: Before you run your application, you need a Google Maps API key.
54
55             To get one, follow the directions here:
56
57                https://developers.google.com/maps/documentation/android-sdk/get-api-key
58
59             Once you have your API key (it starts with "AIza"), define a new property in your
60             project's local.properties file (e.g. MAPS_API_KEY=Aiza...), and replace the
61             "YOUR_API_KEY" string in this file with "${MAPS_API_KEY}".
62        -->
63        <meta-data
63-->src\main\AndroidManifest.xml:43:9-45:49
64            android:name="com.google.android.geo.API_KEY"
64-->src\main\AndroidManifest.xml:44:13-58
65            android:value="@string/ggmap_key" />
65-->src\main\AndroidManifest.xml:45:13-46
66        <meta-data
66-->src\main\AndroidManifest.xml:46:9-48:39
67            android:name="com.google.android.gms.version"
67-->src\main\AndroidManifest.xml:47:13-58
68            android:exported="true"
68-->src\main\AndroidManifest.xml:48:13-36
69            android:value="@integer/google_play_services_version" />
69-->[com.google.maps.android:android-maps-utils:2.3.0] AndroidManifest.xml:12:13-66
70
71        <activity
71-->src\main\AndroidManifest.xml:50:9-57:20
72            android:name="com.example.appfood.activity.RegisterActivity"
72-->src\main\AndroidManifest.xml:51:13-54
73            android:exported="false"
73-->src\main\AndroidManifest.xml:52:13-37
74            android:screenOrientation="portrait" >
74-->src\main\AndroidManifest.xml:53:13-49
75            <meta-data
75-->src\main\AndroidManifest.xml:28:13-30:36
76                android:name="android.app.lib_name"
76-->src\main\AndroidManifest.xml:29:17-52
77                android:value="" />
77-->src\main\AndroidManifest.xml:30:17-33
78        </activity>
79        <activity
79-->src\main\AndroidManifest.xml:58:9-70:20
80            android:name="com.example.appfood.activity.LoginActivity"
80-->src\main\AndroidManifest.xml:59:13-51
81            android:exported="true"
81-->src\main\AndroidManifest.xml:60:13-36
82            android:screenOrientation="portrait" >
82-->src\main\AndroidManifest.xml:61:13-49
83            <meta-data
83-->src\main\AndroidManifest.xml:28:13-30:36
84                android:name="android.app.lib_name"
84-->src\main\AndroidManifest.xml:29:17-52
85                android:value="" />
85-->src\main\AndroidManifest.xml:30:17-33
86
87            <intent-filter>
87-->src\main\AndroidManifest.xml:65:13-69:29
88                <action android:name="android.intent.action.MAIN" />
88-->src\main\AndroidManifest.xml:66:17-69
88-->src\main\AndroidManifest.xml:66:25-66
89                <action android:name="android.provider.Telephony.SMS_RECEIVED" />
89-->src\main\AndroidManifest.xml:67:17-82
89-->src\main\AndroidManifest.xml:67:25-79
90
91                <category android:name="android.intent.category.LAUNCHER" />
91-->src\main\AndroidManifest.xml:68:17-77
91-->src\main\AndroidManifest.xml:68:27-74
92            </intent-filter>
93        </activity>
94        <activity
94-->src\main\AndroidManifest.xml:71:9-74:52
95            android:name="com.example.appfood.activity.SuccessCheckoutActivity"
95-->src\main\AndroidManifest.xml:72:13-61
96            android:exported="true"
96-->src\main\AndroidManifest.xml:73:13-36
97            android:screenOrientation="portrait" />
97-->src\main\AndroidManifest.xml:74:13-49
98        <activity
98-->src\main\AndroidManifest.xml:75:9-78:52
99            android:name="com.example.appfood.activity.GioiThieuChungActivity"
99-->src\main\AndroidManifest.xml:76:13-60
100            android:exported="true"
100-->src\main\AndroidManifest.xml:77:13-36
101            android:screenOrientation="portrait" />
101-->src\main\AndroidManifest.xml:78:13-49
102        <!--
103             The API key for Google Maps-based APIs is defined as a string resource.
104             (See the file "res/values/google_maps_api.xml").
105             Note that the API key is linked to the encryption key used to sign the APK.
106             You need a different API key for each encryption key, including the release key that is used to
107             sign the APK for publishing.
108             You can define the keys for the debug and release targets in src/debug/ and src/release/.
109        -->
110        <!-- <meta-data -->
111        <!-- android:name="com.google.android.geo.API_KEY" -->
112        <!-- android:value="@string/google_maps_key" /> -->
113        <activity
113-->src\main\AndroidManifest.xml:90:9-93:52
114            android:name="com.example.appfood.activity.ThongTinKhachHangActivity"
114-->src\main\AndroidManifest.xml:91:13-63
115            android:exported="true"
115-->src\main\AndroidManifest.xml:92:13-36
116            android:screenOrientation="portrait" />
116-->src\main\AndroidManifest.xml:93:13-49
117        <activity
117-->src\main\AndroidManifest.xml:94:9-97:52
118            android:name="com.example.appfood.activity.GioHangActivity"
118-->src\main\AndroidManifest.xml:95:13-53
119            android:exported="true"
119-->src\main\AndroidManifest.xml:96:13-36
120            android:screenOrientation="portrait" />
120-->src\main\AndroidManifest.xml:97:13-49
121        <activity
121-->src\main\AndroidManifest.xml:98:9-101:52
122            android:name="com.example.appfood.activity.ChiTietMonActivity"
122-->src\main\AndroidManifest.xml:99:13-56
123            android:exported="true"
123-->src\main\AndroidManifest.xml:100:13-36
124            android:screenOrientation="portrait" />
124-->src\main\AndroidManifest.xml:101:13-49
125        <activity
125-->src\main\AndroidManifest.xml:102:9-105:52
126            android:name="com.example.appfood.activity.ChiTietDanhMucActivity"
126-->src\main\AndroidManifest.xml:103:13-60
127            android:exported="true"
127-->src\main\AndroidManifest.xml:104:13-36
128            android:screenOrientation="portrait" />
128-->src\main\AndroidManifest.xml:105:13-49
129        <activity
129-->src\main\AndroidManifest.xml:106:9-109:52
130            android:name="com.example.appfood.activity.LienHeActivity"
130-->src\main\AndroidManifest.xml:107:13-52
131            android:exported="true"
131-->src\main\AndroidManifest.xml:108:13-36
132            android:screenOrientation="portrait" />
132-->src\main\AndroidManifest.xml:109:13-49
133        <activity
133-->src\main\AndroidManifest.xml:110:9-113:52
134            android:name="com.example.appfood.activity.DanhMucActivity"
134-->src\main\AndroidManifest.xml:111:13-53
135            android:exported="true"
135-->src\main\AndroidManifest.xml:112:13-36
136            android:screenOrientation="portrait" />
136-->src\main\AndroidManifest.xml:113:13-49
137        <activity
137-->src\main\AndroidManifest.xml:114:9-118:20
138            android:name="com.example.appfood.activity.MainActivity"
138-->src\main\AndroidManifest.xml:115:13-50
139            android:exported="true"
139-->src\main\AndroidManifest.xml:116:13-36
140            android:screenOrientation="portrait" >
140-->src\main\AndroidManifest.xml:117:13-49
141        </activity>
142        <activity
142-->[com.google.android.libraries.places:places:3.0.0] AndroidManifest.xml:15:9-21:20
143            android:name="com.google.android.libraries.places.widget.AutocompleteActivity"
143-->[com.google.android.libraries.places:places:3.0.0] AndroidManifest.xml:16:13-91
144            android:exported="false"
144-->[com.google.android.libraries.places:places:3.0.0] AndroidManifest.xml:17:13-37
145            android:label="@string/places_autocomplete_label"
145-->[com.google.android.libraries.places:places:3.0.0] AndroidManifest.xml:18:13-62
146            android:theme="@style/PlacesAutocompleteOverlay"
146-->[com.google.android.libraries.places:places:3.0.0] AndroidManifest.xml:19:13-61
147            android:windowSoftInputMode="adjustResize" >
147-->[com.google.android.libraries.places:places:3.0.0] AndroidManifest.xml:20:13-55
148        </activity> <!-- Needs to be explicitly declared on P+ -->
149        <uses-library
149-->[com.google.android.gms:play-services-maps:18.0.0] AndroidManifest.xml:39:9-41:40
150            android:name="org.apache.http.legacy"
150-->[com.google.android.gms:play-services-maps:18.0.0] AndroidManifest.xml:40:13-50
151            android:required="false" />
151-->[com.google.android.gms:play-services-maps:18.0.0] AndroidManifest.xml:41:13-37
152
153        <activity
153-->[com.google.android.gms:play-services-base:18.0.1] AndroidManifest.xml:20:9-22:45
154            android:name="com.google.android.gms.common.api.GoogleApiActivity"
154-->[com.google.android.gms:play-services-base:18.0.1] AndroidManifest.xml:20:19-85
155            android:exported="false"
155-->[com.google.android.gms:play-services-base:18.0.1] AndroidManifest.xml:22:19-43
156            android:theme="@android:style/Theme.Translucent.NoTitleBar" />
156-->[com.google.android.gms:play-services-base:18.0.1] AndroidManifest.xml:21:19-78
157
158        <service
158-->[com.google.android.datatransport:transport-backend-cct:2.3.0] AndroidManifest.xml:29:9-35:19
159            android:name="com.google.android.datatransport.runtime.backends.TransportBackendDiscovery"
159-->[com.google.android.datatransport:transport-backend-cct:2.3.0] AndroidManifest.xml:30:13-103
160            android:exported="false" >
160-->[com.google.android.datatransport:transport-backend-cct:2.3.0] AndroidManifest.xml:31:13-37
161            <meta-data
161-->[com.google.android.datatransport:transport-backend-cct:2.3.0] AndroidManifest.xml:32:13-34:39
162                android:name="backend:com.google.android.datatransport.cct.CctBackendFactory"
162-->[com.google.android.datatransport:transport-backend-cct:2.3.0] AndroidManifest.xml:33:17-94
163                android:value="cct" />
163-->[com.google.android.datatransport:transport-backend-cct:2.3.0] AndroidManifest.xml:34:17-36
164        </service>
165        <service
165-->[com.google.android.datatransport:transport-runtime:2.2.3] AndroidManifest.xml:26:9-30:19
166            android:name="com.google.android.datatransport.runtime.scheduling.jobscheduling.JobInfoSchedulerService"
166-->[com.google.android.datatransport:transport-runtime:2.2.3] AndroidManifest.xml:27:13-117
167            android:exported="false"
167-->[com.google.android.datatransport:transport-runtime:2.2.3] AndroidManifest.xml:28:13-37
168            android:permission="android.permission.BIND_JOB_SERVICE" >
168-->[com.google.android.datatransport:transport-runtime:2.2.3] AndroidManifest.xml:29:13-69
169        </service>
170
171        <receiver
171-->[com.google.android.datatransport:transport-runtime:2.2.3] AndroidManifest.xml:32:9-34:40
172            android:name="com.google.android.datatransport.runtime.scheduling.jobscheduling.AlarmManagerSchedulerBroadcastReceiver"
172-->[com.google.android.datatransport:transport-runtime:2.2.3] AndroidManifest.xml:33:13-132
173            android:exported="false" />
173-->[com.google.android.datatransport:transport-runtime:2.2.3] AndroidManifest.xml:34:13-37
174    </application>
175
176</manifest>